<?xml version="1.0" encoding="UTF-8"?>
<testsuite xmlns:xsi="http://www.w3.org/2001/XMLSchema-instance" xsi:noNamespaceSchemaLocation="https://maven.apache.org/surefire/maven-surefire-plugin/xsd/surefire-test-report-3.0.xsd" version="3.0" name="com.boot.rest.CreditCardManagement.controllerTest.customerConTest" time="41.131" tests="4" errors="0" skipped="0" failures="0">
  <properties>
[...]
</properties>
  <testcase name="deleteCustomerByIdTest_success" classname="com.boot.rest.CreditCardManagement.controllerTest.customerConTest" time="1.681">
    <system-out><![CDATA[Standard Commons Logging discovery in action with spring-jcl: please remove commons-logging.jar from classpath in order to avoid potential conflicts
14:52:35.609 [main] INFO org.springframework.test.context.support.AnnotationConfigContextLoaderUtils -- Could not detect default configuration classes for test class [com.boot.rest.CreditCardManagement.controllerTest.customerConTest]: customerConTest does not declare any static, non-private, non-final, nested classes annotated with @Configuration.
14:52:36.136 [main] INFO org.springframework.boot.test.context.SpringBootTestContextBootstrapper -- Found @SpringBootConfiguration com.boot.rest.CreditCardManagement.CreditCardManagementApplication for test class com.boot.rest.CreditCardManagement.controllerTest.customerConTest

  .   ____          _            __ _ _
 /\\ / ___'_ __ _ _(_)_ __  __ _ \ \ \ \
( ( )\___ | '_ | '_| | '_ \/ _` | \ \ \ \
 \\/  ___)| |_)| | | | | || (_| |  ) ) ) )
  '  |____| .__|_| |_|_| |_\__, | / / / /
 =========|_|==============|___/=/_/_/_/
 :: Spring Boot ::                (v3.1.2)

2023-08-15T14:52:38.179Z  INFO 2740 --- [           main] c.b.r.C.controllerTest.customerConTest   : Starting customerConTest using Java 17.0.7 with PID 2740 (started by Administrator in C:\Users\Administrator\Desktop\CreditCardManagement\CreditCardManagement\CreditCardManagement)
2023-08-15T14:52:38.182Z  INFO 2740 --- [           main] c.b.r.C.controllerTest.customerConTest   : No active profile set, falling back to 1 default profile: "default"
2023-08-15T14:52:43.434Z  INFO 2740 --- [           main] .s.d.r.c.RepositoryConfigurationDelegate : Bootstrapping Spring Data MongoDB repositories in DEFAULT mode.
2023-08-15T14:52:43.575Z  INFO 2740 --- [           main] .s.d.r.c.RepositoryConfigurationDelegate : Finished Spring Data repository scanning in 133 ms. Found 2 MongoDB repository interfaces.
2023-08-15T14:52:57.579Z  INFO 2740 --- [           main] org.mongodb.driver.client                : MongoClient with metadata {"driver": {"name": "mongo-java-driver|sync|spring-boot", "version": "4.9.1"}, "os": {"type": "Windows", "name": "Windows Server 2019", "architecture": "amd64", "version": "10.0"}, "platform": "Java/Oracle Corporation/17.0.7+8-LTS-224"} created with settings MongoClientSettings{readPreference=primary, writeConcern=WriteConcern{w=null, wTimeout=null ms, journal=null}, retryWrites=true, retryReads=true, readConcern=ReadConcern{level=null}, credential=null, streamFactoryFactory=null, commandListeners=[], codecRegistry=ProvidersCodecRegistry{codecProviders=[ValueCodecProvider{}, BsonValueCodecProvider{}, DBRefCodecProvider{}, DBObjectCodecProvider{}, DocumentCodecProvider{}, CollectionCodecProvider{}, IterableCodecProvider{}, MapCodecProvider{}, GeoJsonCodecProvider{}, GridFSFileCodecProvider{}, Jsr310CodecProvider{}, JsonObjectCodecProvider{}, BsonCodecProvider{}, EnumCodecProvider{}, com.mongodb.client.model.mql.ExpressionCodecProvider@3a861417, com.mongodb.Jep395RecordCodecProvider@2326180c]}, loggerSettings=LoggerSettings{maxDocumentLength=1000}, clusterSettings={hosts=[localhost:27017], srvServiceName=mongodb, mode=SINGLE, requiredClusterType=UNKNOWN, requiredReplicaSetName='null', serverSelector='null', clusterListeners='[]', serverSelectionTimeout='30000 ms', localThreshold='30000 ms'}, socketSettings=SocketSettings{connectTimeoutMS=10000, readTimeoutMS=0, receiveBufferSize=0, sendBufferSize=0}, heartbeatSocketSettings=SocketSettings{connectTimeoutMS=10000, readTimeoutMS=10000, receiveBufferSize=0, sendBufferSize=0}, connectionPoolSettings=ConnectionPoolSettings{maxSize=100, minSize=0, maxWaitTimeMS=120000, maxConnectionLifeTimeMS=0, maxConnectionIdleTimeMS=0, maintenanceInitialDelayMS=0, maintenanceFrequencyMS=60000, connectionPoolListeners=[], maxConnecting=2}, serverSettings=ServerSettings{heartbeatFrequencyMS=10000, minHeartbeatFrequencyMS=500, serverListeners='[]', serverMonitorListeners='[]'}, sslSettings=SslSettings{enabled=false, invalidHostNameAllowed=false, context=null}, applicationName='null', compressorList=[], uuidRepresentation=JAVA_LEGACY, serverApi=null, autoEncryptionSettings=null, contextProvider=null}
2023-08-15T14:52:59.014Z  INFO 2740 --- [localhost:27017] org.mongodb.driver.cluster               : Monitor thread successfully connected to server with description ServerDescription{address=localhost:27017, type=STANDALONE, state=CONNECTED, ok=true, minWireVersion=0, maxWireVersion=8, maxDocumentSize=16777216, logicalSessionTimeoutMinutes=30, roundTripTimeNanos=55505900}
2023-08-15T14:53:11.767Z  INFO 2740 --- [           main] o.s.b.t.m.w.SpringBootMockServletContext : Initializing Spring TestDispatcherServlet ''
2023-08-15T14:53:11.770Z  INFO 2740 --- [           main] o.s.t.web.servlet.TestDispatcherServlet  : Initializing Servlet ''
2023-08-15T14:53:11.782Z  INFO 2740 --- [           main] o.s.t.web.servlet.TestDispatcherServlet  : Completed initialization in 2 ms
2023-08-15T14:53:11.888Z  INFO 2740 --- [           main] c.b.r.C.controllerTest.customerConTest   : Started customerConTest in 34.632 seconds (process running for 39.937)
]]></system-out>
  </testcase>
  <testcase name="getCustomerByIdTest" classname="com.boot.rest.CreditCardManagement.controllerTest.customerConTest" time="1.817">
    <system-out><![CDATA[Optional[Customer{customerId=1, first='Adam', last='L', gender='M', job='Coder', dob=Fri Nov 11 00:00:00 UTC 1966}]
]]></system-out>
  </testcase>
  <testcase name="deleteCustomerByIdTest_failure" classname="com.boot.rest.CreditCardManagement.controllerTest.customerConTest" time="0.035"/>
  <testcase name="getAllCustomersTest" classname="com.boot.rest.CreditCardManagement.controllerTest.customerConTest" time="0.043"/>
</testsuite>